<?xml version="1.0" encoding="UTF-8"?>
<testng-results ignored="0" total="4" passed="4" failed="0" skipped="0">
  <reporter-output>
  </reporter-output>
  <suite started-at="2023-05-03T19:50:28 IST" name="All Test Suite" finished-at="2023-05-03T19:54:01 IST" duration-ms="212486">
    <groups>
    </groups>
    <test started-at="2023-05-03T19:50:28 IST" name="Test1" finished-at="2023-05-03T19:52:33 IST" duration-ms="124869">
      <class name="org.example.Google_Price_Cal_Test">
        <test-method is-config="true" signature="openbrowser(java.lang.String,java.lang.String)[pri:0, instance:org.example.Google_Price_Cal_Test@41e36e46]" started-at="2023-05-03T19:50:28 IST" name="openbrowser" finished-at="2023-05-03T19:52:14 IST" duration-ms="106107" status="PASS">
          <params>
            <param index="0">
              <value>
                <![CDATA[chrome]]>
              </value>
            </param>
            <param index="1">
              <value>
                <![CDATA[https://cloud.google.com/products/calculator]]>
              </value>
            </param>
          </params>
          <reporter-output>
          </reporter-output>
        </test-method> <!-- openbrowser -->
        <test-method signature="checkInformationInVmClassString()[pri:0, instance:org.example.Google_Price_Cal_Test@41e36e46]" started-at="2023-05-03T19:52:14 IST" name="checkInformationInVmClassString" finished-at="2023-05-03T19:52:33 IST" duration-ms="18639" status="PASS">
          <reporter-output>
          </reporter-output>
        </test-method> <!-- checkInformationInVmClassString -->
        <test-method signature="check_Data_is_correct()[pri:0, instance:org.example.Google_Price_Cal_Test@41e36e46]" started-at="2023-05-03T19:52:33 IST" name="check_Data_is_correct" finished-at="2023-05-03T19:52:33 IST" duration-ms="2" status="PASS">
          <reporter-output>
          </reporter-output>
        </test-method> <!-- check_Data_is_correct -->
        <test-method is-config="true" signature="driverclode()[pri:0, instance:org.example.Google_Price_Cal_Test@41e36e46]" started-at="2023-05-03T19:52:33 IST" name="driverclode" finished-at="2023-05-03T19:52:33 IST" duration-ms="96" status="PASS">
          <reporter-output>
          </reporter-output>
        </test-method> <!-- driverclode -->
      </class> <!-- org.example.Google_Price_Cal_Test -->
    </test> <!-- Test1 -->
    <test started-at="2023-05-03T19:52:33 IST" name="Test2" finished-at="2023-05-03T19:54:01 IST" duration-ms="87601">
      <class name="org.example.Google_Price_Cal_Test">
        <test-method is-config="true" signature="openbrowser(java.lang.String,java.lang.String)[pri:0, instance:org.example.Google_Price_Cal_Test@384ad17b]" started-at="2023-05-03T19:52:33 IST" name="openbrowser" finished-at="2023-05-03T19:53:38 IST" duration-ms="65496" status="PASS">
          <params>
            <param index="0">
              <value>
                <![CDATA[firefox]]>
              </value>
            </param>
            <param index="1">
              <value>
                <![CDATA[https://cloud.google.com/products/calculator]]>
              </value>
            </param>
          </params>
          <reporter-output>
          </reporter-output>
        </test-method> <!-- openbrowser -->
        <test-method signature="checkInformationInVmClassString()[pri:0, instance:org.example.Google_Price_Cal_Test@384ad17b]" started-at="2023-05-03T19:53:38 IST" name="checkInformationInVmClassString" finished-at="2023-05-03T19:54:00 IST" duration-ms="21163" status="PASS">
          <reporter-output>
          </reporter-output>
        </test-method> <!-- checkInformationInVmClassString -->
        <test-method signature="check_Data_is_correct()[pri:0, instance:org.example.Google_Price_Cal_Test@384ad17b]" started-at="2023-05-03T19:54:00 IST" name="check_Data_is_correct" finished-at="2023-05-03T19:54:00 IST" duration-ms="0" status="PASS">
          <reporter-output>
          </reporter-output>
        </test-method> <!-- check_Data_is_correct -->
        <test-method is-config="true" signature="driverclode()[pri:0, instance:org.example.Google_Price_Cal_Test@384ad17b]" started-at="2023-05-03T19:54:00 IST" name="driverclode" finished-at="2023-05-03T19:54:01 IST" duration-ms="941" status="PASS">
          <reporter-output>
          </reporter-output>
        </test-method> <!-- driverclode -->
      </class> <!-- org.example.Google_Price_Cal_Test -->
    </test> <!-- Test2 -->
  </suite> <!-- All Test Suite -->
</testng-results>
